Removed Pin From Net: NetName=BATT+ Pin=C16-1
Removed Pin From Net: NetName=BATT+ Pin=U5-1
Removed Pin From Net: NetName=BATT+ Pin=U5-3
Added Component: Designator=1(BAT-2)
Add component (AddParameter): Name = "LatestRevisionDate"; Value = "17-Jul-2002"; VariantName = "[No Variations]"
Add component (AddParameter): Name = "LatestRevisionNote"; Value = "Re-released for DXP Platform."; VariantName = "[No Variations]"
Add component (AddParameter): Name = "PackageDescription"; Value = "Battery; 2 Leads"; VariantName = "[No Variations]"
Add component (AddParameter): Name = "PackageReference"; Value = "BAT-2"; VariantName = "[No Variations]"
Add component (AddParameter): Name = "Published"; Value = "24-Mar-1999"; VariantName = "[No Variations]"
Add component (AddParameter): Name = "Publisher"; Value = "Altium Limited"; VariantName = "[No Variations]"
Added Component: Designator=M1(RB5-10.5)
Add component (AddParameter): Name = "LatestRevisionDate"; Value = "17-Jul-2002"; VariantName = "[No Variations]"
Add component (AddParameter): Name = "LatestRevisionNote"; Value = "Re-released for DXP Platform."; VariantName = "[No Variations]"
Add component (AddParameter): Name = "PackageDescription"; Value = "Capacitor (Radial); 2 Leads"; VariantName = "[No Variations]"
Add component (AddParameter): Name = "PackageReference"; Value = "RB5-10.5"; VariantName = "[No Variations]"
Add component (AddParameter): Name = "Published"; Value = "24-Mar-1999"; VariantName = "[No Variations]"
Add component (AddParameter): Name = "Publisher"; Value = "Altium Limited"; VariantName = "[No Variations]"
Added Component: Designator=S2(JS202011SCQN)
Add component (AddParameter): Name = "Arrow Part Number"; Value = "JS202011SCQN"; VariantName = "[No Variations]"
Add component (AddParameter): Name = "Arrow Price/Stock"; Value = "https://www.arrow.com/en/products/js202011scqn/ck?region=nac"; VariantName = "[No Variations]"
Add component (AddParameter): Name = "Datasheet Link"; Value = "http://www.ckswitches.com/media/1422/js.pdf"; VariantName = "[No Variations]"
Add component (AddParameter): Name = "Height"; Value = "5.5mm"; VariantName = "[No Variations]"
Add component (AddParameter): Name = "Manufacturer_Name"; Value = "C & K COMPONENTS"; VariantName = "[No Variations]"
Add component (AddParameter): Name = "Manufacturer_Part_Number"; Value = "JS202011SCQN"; VariantName = "[No Variations]"
Add component (AddParameter): Name = "Mouser Part Number"; Value = "611-JS202011SCQN"; VariantName = "[No Variations]"
Add component (AddParameter): Name = "Mouser Price/Stock"; Value = "https://www.mouser.co.uk/ProductDetail/CK/JS202011SCQN?qs=LgMIjt8LuD95JYWxZ7NvZA%3D%3D"; VariantName = "[No Variations]"
Added Pin To Net: NetName=BATT+ Pin=1-1
Added Pin To Net: NetName=GNDBatt Pin=1-2
Added Pin To Net: NetName=M+ Pin=M1-1
Added Pin To Net: NetName=GND Pin=M1-2
Added Pin To Net: NetName=BATT+ Pin=S2-1
Added Pin To Net: NetName=NetC16_1 Pin=C16-1
Added Pin To Net: NetName=NetC16_1 Pin=S2-2
Added Pin To Net: NetName=NetC16_1 Pin=U5-1
Added Pin To Net: NetName=NetC16_1 Pin=U5-3
Added Net: Name=NetC16_1
Added Member To Class: ClassName=Battery System Member=Component 1 Battery
Added Member To Class: ClassName=Battery System Member=Component BatteryHold 1053
Added Member To Class: ClassName=Battery System Member=Component C20 0.1uF
Added Member To Class: ClassName=ESP32 Member=Component H KP-1608CGCK
Added Member To Class: ClassName=ESP32 Member=Component J1 M20-9990246
Added Member To Class: ClassName=ESP32 Member=Component LED3 KP-1608CGCK
Added Member To Class: ClassName=ESP32 Member=Component L KP-1608CGCK
Added Member To Class: ClassName=Motor Circuit Member=Component M1 ERM Motor
Added Member To Class: ClassName=ESP32 Member=Component P KP-1608CGCK
Added Member To Class: ClassName=ESP32 Member=Component R4 62R
Added Member To Class: ClassName=ESP32 Member=Component R5 62R
Added Member To Class: ClassName=ESP32 Member=Component R6 62R
Added Member To Class: ClassName=Voltage Regulation Member=Component S2 JS202011SCQN
Added Room: Name=Battery System
Added Room: Name=ESP32
Added Room: Name=MCU_Transceiver_Board
Added Room: Name=Microphone
Added Room: Name=Motor Circuit
Added Room: Name=Voltage Regulation
