Added Component: Designator=BMS(SOT95P280X145-6N)
Add component (AddParameter): Name = "Arrow Part Number"; Value = ""; VariantName = "[No Variations]"
Add component (AddParameter): Name = "Arrow Price/Stock"; Value = ""; VariantName = "[No Variations]"
Add component (AddParameter): Name = "Datasheet Link"; Value = "https://www.ic-fortune.com/upload/Download/FS312F-G-DS-12_EN.pdf"; VariantName = "[No Variations]"
Add component (AddParameter): Name = "Height"; Value = "1.45mm"; VariantName = "[No Variations]"
Add component (AddParameter): Name = "Manufacturer_Name"; Value = "Fortune Semiconductor Corporation"; VariantName = "[No Variations]"
Add component (AddParameter): Name = "Manufacturer_Part_Number"; Value = "FS312F-G"; VariantName = "[No Variations]"
Add component (AddParameter): Name = "Mouser Part Number"; Value = ""; VariantName = "[No Variations]"
Add component (AddParameter): Name = "Mouser Price/Stock"; Value = ""; VariantName = "[No Variations]"
Added Component: Designator=SOT23_6(SOT95P275X110-6N)
Added Pin To Net: NetName=G1 Pin=BMS-1
Added Pin To Net: NetName=NetBMS_2 Pin=BMS-2
Added Pin To Net: NetName=G2 Pin=BMS-3
Added Pin To Net: NetName=BMS_InV Pin=BMS-5
Added Pin To Net: NetName=GNDBatt Pin=BMS-6
Added Pin To Net: NetName=S2 Pin=SOT23_6-1
Added Pin To Net: NetName=D1/D2 Pin=SOT23_6-2
Added Pin To Net: NetName=GNDBatt Pin=SOT23_6-3
Added Pin To Net: NetName=G2 Pin=SOT23_6-4
Added Pin To Net: NetName=D1/D2 Pin=SOT23_6-5
Added Pin To Net: NetName=G1 Pin=SOT23_6-6
Added Member To Class: ClassName=Battery System Member=Component BMS FS312F-G
Added Member To Class: ClassName=Battery System Member=Component SOT23_6
