Removed Pin From Net: NetName=GPIO8 Pin=J4-1
Removed Pin From Net: NetName=GPIO7 Pin=J4-2
Removed Pin From Net: NetName=GPIO6 Pin=J4-3
Removed Pin From Net: NetName=GPIO5 Pin=J4-4
Removed Pin From Net: NetName=BattStat Pin=J4-5
Added Component: Designator=1(BAT-2)
Add component (AddParameter): Name = "LatestRevisionDate"; Value = "17-Jul-2002"; VariantName = "[No Variations]"
Add component (AddParameter): Name = "LatestRevisionNote"; Value = "Re-released for DXP Platform."; VariantName = "[No Variations]"
Add component (AddParameter): Name = "PackageDescription"; Value = "Battery; 2 Leads"; VariantName = "[No Variations]"
Add component (AddParameter): Name = "PackageReference"; Value = "BAT-2"; VariantName = "[No Variations]"
Add component (AddParameter): Name = "Published"; Value = "24-Mar-1999"; VariantName = "[No Variations]"
Add component (AddParameter): Name = "Publisher"; Value = "Altium Limited"; VariantName = "[No Variations]"
Added Component: Designator=M1(RB5-10.5)
Add component (AddParameter): Name = "LatestRevisionDate"; Value = "17-Jul-2002"; VariantName = "[No Variations]"
Add component (AddParameter): Name = "LatestRevisionNote"; Value = "Re-released for DXP Platform."; VariantName = "[No Variations]"
Add component (AddParameter): Name = "PackageDescription"; Value = "Capacitor (Radial); 2 Leads"; VariantName = "[No Variations]"
Add component (AddParameter): Name = "PackageReference"; Value = "RB5-10.5"; VariantName = "[No Variations]"
Add component (AddParameter): Name = "Published"; Value = "24-Mar-1999"; VariantName = "[No Variations]"
Add component (AddParameter): Name = "Publisher"; Value = "Altium Limited"; VariantName = "[No Variations]"
Added Pin To Net: NetName=BATT+ Pin=1-1
Added Pin To Net: NetName=GNDBatt Pin=1-2
Added Pin To Net: NetName=BattStat Pin=J4-1
Added Pin To Net: NetName=GPIO8 Pin=J4-2
Added Pin To Net: NetName=GPIO7 Pin=J4-3
Added Pin To Net: NetName=GPIO6 Pin=J4-4
Added Pin To Net: NetName=GPIO5 Pin=J4-5
Added Pin To Net: NetName=M+ Pin=M1-1
Added Pin To Net: NetName=GND Pin=M1-2
Added Member To Class: ClassName=Battery System Member=Component 1 Battery
Added Member To Class: ClassName=Motor Circuit Member=Component M1 ERM Motor
Added Room: Name=Battery System
Added Room: Name=ESP32
Added Room: Name=MCU_Transceiver_Board
Added Room: Name=Microphone
Added Room: Name=Motor Circuit
Added Room: Name=Voltage Regulation
