Change Component Footprint: Designator=JBoot Old Footprint=HDRV2W66P0X254_1X2_508X254X874P New Footprint=HDR1X3
Change Component Comment : Designator=JBoot Old Comment=M20-9990246 New Comment=Header 3
Change component parameters: Designator = "JBoot" ("JBoot"); Footprint = "HDRV2W66P0X254_1X2_508X254X874P"; UniqueID = "\QOLTRXDR" ("\QOLTRXDR")
Change component parameters (AddParameter): Name = "LatestRevisionDate"; Value = "17-Jul-2002"; VariantName = "[No Variations]"
Change component parameters (AddParameter): Name = "LatestRevisionNote"; Value = "Re-released for DXP Platform."; VariantName = "[No Variations]"
Change component parameters (AddParameter): Name = "Publisher"; Value = "Altium Limited"; VariantName = "[No Variations]"
Added Component: Designator=1(BAT-2)
Add component (AddParameter): Name = "LatestRevisionDate"; Value = "17-Jul-2002"; VariantName = "[No Variations]"
Add component (AddParameter): Name = "LatestRevisionNote"; Value = "Re-released for DXP Platform."; VariantName = "[No Variations]"
Add component (AddParameter): Name = "PackageDescription"; Value = "Battery; 2 Leads"; VariantName = "[No Variations]"
Add component (AddParameter): Name = "PackageReference"; Value = "BAT-2"; VariantName = "[No Variations]"
Add component (AddParameter): Name = "Published"; Value = "24-Mar-1999"; VariantName = "[No Variations]"
Add component (AddParameter): Name = "Publisher"; Value = "Altium Limited"; VariantName = "[No Variations]"
Added Pin To Net: NetName=BATT+ Pin=1-1
Added Pin To Net: NetName=GNDBatt Pin=1-2
Added Pin To Net: NetName=GND Pin=JBoot-3
Added Member To Class: ClassName=Battery System Member=Component 1 Battery
Added Room: Name=Battery System
Added Room: Name=ESP32
Added Room: Name=MCU_Transceiver_Board
Added Room: Name=Microphone
Added Room: Name=Motor Circuit
Added Room: Name=Voltage Regulation
